01:02:04:347 [org.springframework.kafka.KafkaListenerEndpointContainer#0-0-C-1] INFO  o.a.k.c.c.i.ConsumerCoordinator - [Consumer clientId=consumer-weekly-sentiment-group-1, groupId=weekly-sentiment-group] Revoke previously assigned partitions weekly-sentiments-1, weekly-sentiments-0, weekly-sentiments-3, weekly-sentiments-2, weekly-sentiments-5, weekly-sentiments-4
01:02:04:349 [org.springframework.kafka.KafkaListenerEndpointContainer#0-0-C-1] INFO  o.s.k.l.KafkaMessageListenerContainer - weekly-sentiment-group: partitions revoked: [weekly-sentiments-1, weekly-sentiments-0, weekly-sentiments-3, weekly-sentiments-2, weekly-sentiments-5, weekly-sentiments-4]
01:02:04:349 [org.springframework.kafka.KafkaListenerEndpointContainer#0-0-C-1] INFO  o.a.k.c.c.i.ConsumerCoordinator - [Consumer clientId=consumer-weekly-sentiment-group-1, groupId=weekly-sentiment-group] Member consumer-weekly-sentiment-group-1-1c6968f3-e74f-4193-b2e5-f557b127e16d sending LeaveGroup request to coordinator b7-pkc-921jm.us-east-2.aws.confluent.cloud:9092 (id: 2147483640 rack: null) due to the consumer unsubscribed from all topics
01:02:04:350 [org.springframework.kafka.KafkaListenerEndpointContainer#0-0-C-1] INFO  o.a.k.c.c.i.ConsumerCoordinator - [Consumer clientId=consumer-weekly-sentiment-group-1, groupId=weekly-sentiment-group] Resetting generation due to: consumer pro-actively leaving the group
01:02:04:350 [org.springframework.kafka.KafkaListenerEndpointContainer#0-0-C-1] INFO  o.a.k.c.c.i.ConsumerCoordinator - [Consumer clientId=consumer-weekly-sentiment-group-1, groupId=weekly-sentiment-group] Request joining group due to: consumer pro-actively leaving the group
01:02:04:351 [org.springframework.kafka.KafkaListenerEndpointContainer#0-0-C-1] INFO  o.a.k.clients.consumer.KafkaConsumer - [Consumer clientId=consumer-weekly-sentiment-group-1, groupId=weekly-sentiment-group] Unsubscribed all topics or patterns and assigned partitions
01:02:04:351 [org.springframework.kafka.KafkaListenerEndpointContainer#0-0-C-1] INFO  o.a.k.c.c.i.ConsumerCoordinator - [Consumer clientId=consumer-weekly-sentiment-group-1, groupId=weekly-sentiment-group] Resetting generation due to: consumer pro-actively leaving the group
01:02:04:351 [org.springframework.kafka.KafkaListenerEndpointContainer#0-0-C-1] INFO  o.a.k.c.c.i.ConsumerCoordinator - [Consumer clientId=consumer-weekly-sentiment-group-1, groupId=weekly-sentiment-group] Request joining group due to: consumer pro-actively leaving the group
01:02:04:394 [org.springframework.kafka.KafkaListenerEndpointContainer#0-0-C-1] INFO  o.a.kafka.common.metrics.Metrics - Metrics scheduler closed
01:02:04:395 [org.springframework.kafka.KafkaListenerEndpointContainer#0-0-C-1] INFO  o.a.kafka.common.metrics.Metrics - Closing reporter org.apache.kafka.common.metrics.JmxReporter
01:02:04:395 [org.springframework.kafka.KafkaListenerEndpointContainer#0-0-C-1] INFO  o.a.kafka.common.metrics.Metrics - Metrics reporters closed
01:02:04:400 [org.springframework.kafka.KafkaListenerEndpointContainer#0-0-C-1] INFO  o.a.kafka.common.utils.AppInfoParser - App info kafka.consumer for consumer-weekly-sentiment-group-1 unregistered
01:02:04:401 [org.springframework.kafka.KafkaListenerEndpointContainer#0-0-C-1] INFO  o.s.k.l.KafkaMessageListenerContainer - weekly-sentiment-group: Consumer stopped
01:02:08:771 [main] INFO  c.C.journalApp.JournalApplication - Starting JournalApplication using Java 17.0.12 on Chirayupatel with PID 14164 (C:\Users\chira\Desktop\JAVA\Journal Spring-boot App\journalApp\journalApp\target\classes started by chira in C:\Users\chira\Desktop\JAVA\Journal Spring-boot App)
01:02:08:774 [main] DEBUG c.C.journalApp.JournalApplication - Running with Spring Boot v2.7.16, Spring v5.3.30
01:02:08:775 [main] INFO  c.C.journalApp.JournalApplication - The following 1 profile is active: "dev"
01:02:09:503 [main] INFO  o.s.d.r.c.RepositoryConfigurationDelegate - Multiple Spring Data modules found, entering strict repository configuration mode
01:02:09:505 [main] INFO  o.s.d.r.c.RepositoryConfigurationDelegate - Bootstrapping Spring Data MongoDB repositories in DEFAULT mode.
01:02:09:637 [main] INFO  o.s.d.r.c.RepositoryConfigurationDelegate - Finished Spring Data repository scanning in 125 ms. Found 2 MongoDB repository interfaces.
01:02:09:651 [main] INFO  o.s.d.r.c.RepositoryConfigurationDelegate - Multiple Spring Data modules found, entering strict repository configuration mode
01:02:09:652 [main] INFO  o.s.d.r.c.RepositoryConfigurationDelegate - Bootstrapping Spring Data Redis repositories in DEFAULT mode.
01:02:09:668 [main] INFO  o.s.d.r.c.RepositoryConfigurationExtensionSupport - Spring Data Redis - Could not safely identify store assignment for repository candidate interface com.ChirayuTech.journalApp.repository.JournalEntryRepo; If you want this repository to be a Redis repository, consider annotating your entities with one of these annotations: org.springframework.data.redis.core.RedisHash (preferred), or consider extending one of the following types with your repository: org.springframework.data.keyvalue.repository.KeyValueRepository
01:02:09:669 [main] INFO  o.s.d.r.c.RepositoryConfigurationExtensionSupport - Spring Data Redis - Could not safely identify store assignment for repository candidate interface com.ChirayuTech.journalApp.repository.UserRepository; If you want this repository to be a Redis repository, consider annotating your entities with one of these annotations: org.springframework.data.redis.core.RedisHash (preferred), or consider extending one of the following types with your repository: org.springframework.data.keyvalue.repository.KeyValueRepository
01:02:09:669 [main] INFO  o.s.d.r.c.RepositoryConfigurationDelegate - Finished Spring Data repository scanning in 8 ms. Found 0 Redis repository interfaces.
01:02:10:409 [main] INFO  o.s.b.w.e.tomcat.TomcatWebServer - Tomcat initialized with port(s): 8080 (http)
01:02:10:425 [main] INFO  o.a.coyote.http11.Http11NioProtocol - Initializing ProtocolHandler ["http-nio-8080"]
01:02:10:430 [main] INFO  o.a.catalina.core.StandardService - Starting service [Tomcat]
01:02:10:430 [main] INFO  o.a.catalina.core.StandardEngine - Starting Servlet engine: [Apache Tomcat/9.0.80]
01:02:10:602 [main] INFO  o.a.c.c.C.[Tomcat].[localhost].[/] - Initializing Spring embedded WebApplicationContext
01:02:10:603 [main] INFO  o.s.b.w.s.c.ServletWebServerApplicationContext - Root WebApplicationContext: initialization completed in 1738 ms
01:02:10:996 [cluster-ClusterId{value='698d6ce27751cc4e80b3c822', description='null'}-srv-journalspringboot.kryxngq.mongodb.net] INFO  org.mongodb.driver.cluster - Adding discovered server ac-ybxe804-shard-00-00.kryxngq.mongodb.net:27017 to client view of cluster
01:02:11:000 [main] INFO  org.mongodb.driver.client - MongoClient with metadata {"driver": {"name": "mongo-java-driver|sync|spring-boot", "version": "4.6.1"}, "os": {"type": "Windows", "name": "Windows 11", "architecture": "amd64", "version": "10.0"}, "platform": "Java/Oracle Corporation/17.0.12+8-LTS-286", "application": {"name": "journalSpringBoot"}} created with settings MongoClientSettings{readPreference=primary, writeConcern=WriteConcern{w=majority, wTimeout=null ms, journal=null}, retryWrites=true, retryReads=true, readConcern=ReadConcern{level=null}, credential=MongoCredential{mechanism=null, userName='sonu010675_db_user', source='admin', password=<hidden>, mechanismProperties=<hidden>}, streamFactoryFactory=null, commandListeners=[], codecRegistry=ProvidersCodecRegistry{codecProviders=[ValueCodecProvider{}, BsonValueCodecProvider{}, DBRefCodecProvider{}, DBObjectCodecProvider{}, DocumentCodecProvider{}, IterableCodecProvider{}, MapCodecProvider{}, GeoJsonCodecProvider{}, GridFSFileCodecProvider{}, Jsr310CodecProvider{}, JsonObjectCodecProvider{}, BsonCodecProvider{}, EnumCodecProvider{}, com.mongodb.Jep395RecordCodecProvider@70b2fa10]}, clusterSettings={hosts=[127.0.0.1:27017], srvHost=journalspringboot.kryxngq.mongodb.net, srvServiceName=mongodb, mode=MULTIPLE, requiredClusterType=REPLICA_SET, requiredReplicaSetName='atlas-nkprbi-shard-0', serverSelector='null', clusterListeners='[]', serverSelectionTimeout='30000 ms', localThreshold='30000 ms'}, socketSettings=SocketSettings{connectTimeoutMS=10000, readTimeoutMS=0, receiveBufferSize=0, sendBufferSize=0}, heartbeatSocketSettings=SocketSettings{connectTimeoutMS=10000, readTimeoutMS=10000, receiveBufferSize=0, sendBufferSize=0}, connectionPoolSettings=ConnectionPoolSettings{maxSize=100, minSize=0, maxWaitTimeMS=120000, maxConnectionLifeTimeMS=0, maxConnectionIdleTimeMS=0, maintenanceInitialDelayMS=0, maintenanceFrequencyMS=60000, connectionPoolListeners=[], maxConnecting=2}, serverSettings=ServerSettings{heartbeatFrequencyMS=10000, minHeartbeatFrequencyMS=500, serverListeners='[]', serverMonitorListeners='[]'}, sslSettings=SslSettings{enabled=true, invalidHostNameAllowed=false, context=null}, applicationName='journalSpringBoot', compressorList=[], uuidRepresentation=JAVA_LEGACY, serverApi=null, autoEncryptionSettings=null, contextProvider=null}
01:02:11:041 [cluster-ClusterId{value='698d6ce27751cc4e80b3c822', description='null'}-srv-journalspringboot.kryxngq.mongodb.net] INFO  org.mongodb.driver.cluster - Adding discovered server ac-ybxe804-shard-00-01.kryxngq.mongodb.net:27017 to client view of cluster
01:02:11:043 [cluster-ClusterId{value='698d6ce27751cc4e80b3c822', description='null'}-srv-journalspringboot.kryxngq.mongodb.net] INFO  org.mongodb.driver.cluster - Adding discovered server ac-ybxe804-shard-00-02.kryxngq.mongodb.net:27017 to client view of cluster
01:02:11:516 [main] INFO  org.mongodb.driver.cluster - No server chosen by com.mongodb.client.internal.MongoClientDelegate$1@307cf964 from cluster description ClusterDescription{type=REPLICA_SET, connectionMode=MULTIPLE, serverDescriptions=[ServerDescription{address=ac-ybxe804-shard-00-00.kryxngq.mongodb.net:27017, type=UNKNOWN, state=CONNECTING}, ServerDescription{address=ac-ybxe804-shard-00-02.kryxngq.mongodb.net:27017, type=UNKNOWN, state=CONNECTING}, ServerDescription{address=ac-ybxe804-shard-00-01.kryxngq.mongodb.net:27017, type=UNKNOWN, state=CONNECTING}]}. Waiting for 30000 ms before timing out
01:02:12:207 [cluster-ClusterId{value='698d6ce27751cc4e80b3c822', description='null'}-ac-ybxe804-shard-00-00.kryxngq.mongodb.net:27017] INFO  org.mongodb.driver.connection - Opened connection [connectionId{localValue:6, serverValue:685876}] to ac-ybxe804-shard-00-00.kryxngq.mongodb.net:27017
01:02:12:207 [cluster-ClusterId{value='698d6ce27751cc4e80b3c822', description='null'}-ac-ybxe804-shard-00-01.kryxngq.mongodb.net:27017] INFO  org.mongodb.driver.connection - Opened connection [connectionId{localValue:5, serverValue:688696}] to ac-ybxe804-shard-00-01.kryxngq.mongodb.net:27017
01:02:12:207 [cluster-ClusterId{value='698d6ce27751cc4e80b3c822', description='null'}-ac-ybxe804-shard-00-02.kryxngq.mongodb.net:27017] INFO  org.mongodb.driver.connection - Opened connection [connectionId{localValue:2, serverValue:759212}] to ac-ybxe804-shard-00-02.kryxngq.mongodb.net:27017
01:02:12:207 [cluster-rtt-ClusterId{value='698d6ce27751cc4e80b3c822', description='null'}-ac-ybxe804-shard-00-00.kryxngq.mongodb.net:27017] INFO  org.mongodb.driver.connection - Opened connection [connectionId{localValue:1, serverValue:685881}] to ac-ybxe804-shard-00-00.kryxngq.mongodb.net:27017
01:02:12:207 [cluster-rtt-ClusterId{value='698d6ce27751cc4e80b3c822', description='null'}-ac-ybxe804-shard-00-01.kryxngq.mongodb.net:27017] INFO  org.mongodb.driver.connection - Opened connection [connectionId{localValue:4, serverValue:688696}] to ac-ybxe804-shard-00-01.kryxngq.mongodb.net:27017
01:02:12:207 [cluster-rtt-ClusterId{value='698d6ce27751cc4e80b3c822', description='null'}-ac-ybxe804-shard-00-02.kryxngq.mongodb.net:27017] INFO  org.mongodb.driver.connection - Opened connection [connectionId{localValue:3, serverValue:759140}] to ac-ybxe804-shard-00-02.kryxngq.mongodb.net:27017
01:02:12:207 [cluster-ClusterId{value='698d6ce27751cc4e80b3c822', description='null'}-ac-ybxe804-shard-00-01.kryxngq.mongodb.net:27017] INFO  org.mongodb.driver.cluster - Monitor thread successfully connected to server with description ServerDescription{address=ac-ybxe804-shard-00-01.kryxngq.mongodb.net:27017, type=REPLICA_SET_SECONDARY, state=CONNECTED, ok=true, minWireVersion=0, maxWireVersion=25, maxDocumentSize=16777216, logicalSessionTimeoutMinutes=30, roundTripTimeNanos=670558600, setName='atlas-nkprbi-shard-0', canonicalAddress=ac-ybxe804-shard-00-01.kryxngq.mongodb.net:27017, hosts=[ac-ybxe804-shard-00-00.kryxngq.mongodb.net:27017, ac-ybxe804-shard-00-02.kryxngq.mongodb.net:27017, ac-ybxe804-shard-00-01.kryxngq.mongodb.net:27017], passives=[], arbiters=[], primary='ac-ybxe804-shard-00-02.kryxngq.mongodb.net:27017', tagSet=TagSet{[Tag{name='availabilityZone', value='aps1-az3'}, Tag{name='diskState', value='READY'}, Tag{name='nodeType', value='ELECTABLE'}, Tag{name='provider', value='AWS'}, Tag{name='region', value='AP_SOUTH_1'}, Tag{name='workloadType', value='OPERATIONAL'}]}, electionId=null, setVersion=280, topologyVersion=TopologyVersion{processId=698505c4e40b4e214e380ed8, counter=3}, lastWriteDate=Thu Feb 12 01:02:11 EST 2026, lastUpdateTimeNanos=15481994282400}
01:02:12:207 [cluster-ClusterId{value='698d6ce27751cc4e80b3c822', description='null'}-ac-ybxe804-shard-00-00.kryxngq.mongodb.net:27017] INFO  org.mongodb.driver.cluster - Monitor thread successfully connected to server with description ServerDescription{address=ac-ybxe804-shard-00-00.kryxngq.mongodb.net:27017, type=REPLICA_SET_SECONDARY, state=CONNECTED, ok=true, minWireVersion=0, maxWireVersion=25, maxDocumentSize=16777216, logicalSessionTimeoutMinutes=30, roundTripTimeNanos=670556700, setName='atlas-nkprbi-shard-0', canonicalAddress=ac-ybxe804-shard-00-00.kryxngq.mongodb.net:27017, hosts=[ac-ybxe804-shard-00-00.kryxngq.mongodb.net:27017, ac-ybxe804-shard-00-02.kryxngq.mongodb.net:27017, ac-ybxe804-shard-00-01.kryxngq.mongodb.net:27017], passives=[], arbiters=[], primary='ac-ybxe804-shard-00-02.kryxngq.mongodb.net:27017', tagSet=TagSet{[Tag{name='availabilityZone', value='aps1-az1'}, Tag{name='diskState', value='READY'}, Tag{name='nodeType', value='ELECTABLE'}, Tag{name='provider', value='AWS'}, Tag{name='region', value='AP_SOUTH_1'}, Tag{name='workloadType', value='OPERATIONAL'}]}, electionId=null, setVersion=280, topologyVersion=TopologyVersion{processId=69850522fbb9c03b493cf014, counter=4}, lastWriteDate=Thu Feb 12 01:02:11 EST 2026, lastUpdateTimeNanos=15481994282500}
01:02:12:207 [cluster-ClusterId{value='698d6ce27751cc4e80b3c822', description='null'}-ac-ybxe804-shard-00-02.kryxngq.mongodb.net:27017] INFO  org.mongodb.driver.cluster - Monitor thread successfully connected to server with description ServerDescription{address=ac-ybxe804-shard-00-02.kryxngq.mongodb.net:27017, type=REPLICA_SET_PRIMARY, state=CONNECTED, ok=true, minWireVersion=0, maxWireVersion=25, maxDocumentSize=16777216, logicalSessionTimeoutMinutes=30, roundTripTimeNanos=669702800, setName='atlas-nkprbi-shard-0', canonicalAddress=ac-ybxe804-shard-00-02.kryxngq.mongodb.net:27017, hosts=[ac-ybxe804-shard-00-00.kryxngq.mongodb.net:27017, ac-ybxe804-shard-00-02.kryxngq.mongodb.net:27017, ac-ybxe804-shard-00-01.kryxngq.mongodb.net:27017], passives=[], arbiters=[], primary='ac-ybxe804-shard-00-02.kryxngq.mongodb.net:27017', tagSet=TagSet{[Tag{name='availabilityZone', value='aps1-az2'}, Tag{name='diskState', value='READY'}, Tag{name='nodeType', value='ELECTABLE'}, Tag{name='provider', value='AWS'}, Tag{name='region', value='AP_SOUTH_1'}, Tag{name='workloadType', value='OPERATIONAL'}]}, electionId=7fffffff0000000000000251, setVersion=280, topologyVersion=TopologyVersion{processId=69850576e90bb99ab432544c, counter=6}, lastWriteDate=Thu Feb 12 01:02:12 EST 2026, lastUpdateTimeNanos=15481994282500}
01:02:12:212 [cluster-ClusterId{value='698d6ce27751cc4e80b3c822', description='null'}-ac-ybxe804-shard-00-02.kryxngq.mongodb.net:27017] INFO  org.mongodb.driver.cluster - Setting max election id to 7fffffff0000000000000251 from replica set primary ac-ybxe804-shard-00-02.kryxngq.mongodb.net:27017
01:02:12:212 [cluster-ClusterId{value='698d6ce27751cc4e80b3c822', description='null'}-ac-ybxe804-shard-00-02.kryxngq.mongodb.net:27017] INFO  org.mongodb.driver.cluster - Setting max set version to 280 from replica set primary ac-ybxe804-shard-00-02.kryxngq.mongodb.net:27017
01:02:12:212 [cluster-ClusterId{value='698d6ce27751cc4e80b3c822', description='null'}-ac-ybxe804-shard-00-02.kryxngq.mongodb.net:27017] INFO  org.mongodb.driver.cluster - Discovered replica set primary ac-ybxe804-shard-00-02.kryxngq.mongodb.net:27017
01:02:13:385 [main] INFO  org.mongodb.driver.connection - Opened connection [connectionId{localValue:7, serverValue:759184}] to ac-ybxe804-shard-00-02.kryxngq.mongodb.net:27017
01:02:14:711 [main] INFO  o.s.s.web.DefaultSecurityFilterChain - Will secure any request with [org.springframework.security.web.session.DisableEncodeUrlFilter@335b3d6, org.springframework.security.web.context.request.async.WebAsyncManagerIntegrationFilter@3a5ce4b8, org.springframework.security.web.context.SecurityContextPersistenceFilter@a6dffdb, org.springframework.security.web.header.HeaderWriterFilter@2a54c92e, org.springframework.security.web.authentication.logout.LogoutFilter@fd5689d, org.springframework.security.web.authentication.www.BasicAuthenticationFilter@77a9ac36, org.springframework.security.web.savedrequest.RequestCacheAwareFilter@25b4754a, org.springframework.security.web.servletapi.SecurityContextHolderAwareRequestFilter@5e6522a6, org.springframework.security.web.authentication.AnonymousAuthenticationFilter@38848217, org.springframework.security.web.session.SessionManagementFilter@5eb2972f, org.springframework.security.web.access.ExceptionTranslationFilter@e5c5e6, org.springframework.security.web.access.intercept.FilterSecurityInterceptor@2838eb]
01:02:15:612 [main] INFO  o.a.k.c.consumer.ConsumerConfig - ConsumerConfig values: 
	allow.auto.create.topics = true
	auto.commit.interval.ms = 5000
	auto.offset.reset = latest
	bootstrap.servers = [pkc-921jm.us-east-2.aws.confluent.cloud:9092]
	check.crcs = true
	client.dns.lookup = use_all_dns_ips
	client.id = consumer-weekly-sentiment-group-1
	client.rack = 
	connections.max.idle.ms = 540000
	default.api.timeout.ms = 60000
	enable.auto.commit = false
	exclude.internal.topics = true
	fetch.max.bytes = 52428800
	fetch.max.wait.ms = 500
	fetch.min.bytes = 1
	group.id = weekly-sentiment-group
	group.instance.id = null
	heartbeat.interval.ms = 3000
	interceptor.classes = []
	internal.leave.group.on.close = true
	internal.throw.on.fetch.stable.offset.unsupported = false
	isolation.level = read_uncommitted
	key.deserializer = class org.apache.kafka.common.serialization.StringDeserializer
	max.partition.fetch.bytes = 1048576
	max.poll.interval.ms = 300000
	max.poll.records = 500
	metadata.max.age.ms = 300000
	metric.reporters = []
	metrics.num.samples = 2
	metrics.recording.level = INFO
	metrics.sample.window.ms = 30000
	partition.assignment.strategy = [class org.apache.kafka.clients.consumer.RangeAssignor, class org.apache.kafka.clients.consumer.CooperativeStickyAssignor]
	receive.buffer.bytes = 65536
	reconnect.backoff.max.ms = 1000
	reconnect.backoff.ms = 50
	request.timeout.ms = 30000
	retry.backoff.ms = 100
	sasl.client.callback.handler.class = null
	sasl.jaas.config = [hidden]
	sasl.kerberos.kinit.cmd = /usr/bin/kinit
	sasl.kerberos.min.time.before.relogin = 60000
	sasl.kerberos.service.name = null
	sasl.kerberos.ticket.renew.jitter = 0.05
	sasl.kerberos.ticket.renew.window.factor = 0.8
	sasl.login.callback.handler.class = null
	sasl.login.class = null
	sasl.login.connect.timeout.ms = null
	sasl.login.read.timeout.ms = null
	sasl.login.refresh.buffer.seconds = 300
	sasl.login.refresh.min.period.seconds = 60
	sasl.login.refresh.window.factor = 0.8
	sasl.login.refresh.window.jitter = 0.05
	sasl.login.retry.backoff.max.ms = 10000
	sasl.login.retry.backoff.ms = 100
	sasl.mechanism = PLAIN
	sasl.oauthbearer.clock.skew.seconds = 30
	sasl.oauthbearer.expected.audience = null
	sasl.oauthbearer.expected.issuer = null
	sasl.oauthbearer.jwks.endpoint.refresh.ms = 3600000
	sasl.oauthbearer.jwks.endpoint.retry.backoff.max.ms = 10000
	sasl.oauthbearer.jwks.endpoint.retry.backoff.ms = 100
	sasl.oauthbearer.jwks.endpoint.url = null
	sasl.oauthbearer.scope.claim.name = scope
	sasl.oauthbearer.sub.claim.name = sub
	sasl.oauthbearer.token.endpoint.url = null
	security.protocol = SASL_SSL
	security.providers = null
	send.buffer.bytes = 131072
	session.timeout.ms = 45000
	socket.connection.setup.timeout.max.ms = 30000
	socket.connection.setup.timeout.ms = 10000
	ssl.cipher.suites = null
	ssl.enabled.protocols = [TLSv1.2, TLSv1.3]
	ssl.endpoint.identification.algorithm = https
	ssl.engine.factory.class = null
	ssl.key.password = null
	ssl.keymanager.algorithm = SunX509
	ssl.keystore.certificate.chain = null
	ssl.keystore.key = null
	ssl.keystore.location = null
	ssl.keystore.password = null
	ssl.keystore.type = JKS
	ssl.protocol = TLSv1.3
	ssl.provider = null
	ssl.secure.random.implementation = null
	ssl.trustmanager.algorithm = PKIX
	ssl.truststore.certificates = null
	ssl.truststore.location = null
	ssl.truststore.password = null
	ssl.truststore.type = JKS
	value.deserializer = class org.apache.kafka.common.serialization.StringDeserializer

01:02:15:746 [main] INFO  o.a.k.c.s.a.AbstractLogin - Successfully logged in.
01:02:15:812 [main] WARN  o.a.k.c.consumer.ConsumerConfig - The configuration 'spring.json.trusted.packages' was supplied but isn't a known config.
01:02:15:814 [main] INFO  o.a.kafka.common.utils.AppInfoParser - Kafka version: 3.1.2
01:02:15:815 [main] INFO  o.a.kafka.common.utils.AppInfoParser - Kafka commitId: f8c67dc3ae0a3265
01:02:15:815 [main] INFO  o.a.kafka.common.utils.AppInfoParser - Kafka startTimeMs: 1770876135813
01:02:15:818 [main] INFO  o.a.k.clients.consumer.KafkaConsumer - [Consumer clientId=consumer-weekly-sentiment-group-1, groupId=weekly-sentiment-group] Subscribed to topic(s): weekly-sentiments
01:02:15:825 [main] INFO  o.a.coyote.http11.Http11NioProtocol - Starting ProtocolHandler ["http-nio-8080"]
01:02:15:839 [main] INFO  o.s.b.w.e.tomcat.TomcatWebServer - Tomcat started on port(s): 8080 (http) with context path ''
01:02:15:856 [main] INFO  c.C.journalApp.JournalApplication - Started JournalApplication in 7.507 seconds (JVM running for 7.971)
01:02:16:586 [org.springframework.kafka.KafkaListenerEndpointContainer#0-0-C-1] INFO  org.apache.kafka.clients.Metadata - [Consumer clientId=consumer-weekly-sentiment-group-1, groupId=weekly-sentiment-group] Resetting the last seen epoch of partition weekly-sentiments-0 to 0 since the associated topicId changed from null to S99acygMTg-bTgk8EzhTSQ
01:02:16:586 [org.springframework.kafka.KafkaListenerEndpointContainer#0-0-C-1] INFO  org.apache.kafka.clients.Metadata - [Consumer clientId=consumer-weekly-sentiment-group-1, groupId=weekly-sentiment-group] Resetting the last seen epoch of partition weekly-sentiments-1 to 0 since the associated topicId changed from null to S99acygMTg-bTgk8EzhTSQ
01:02:16:586 [org.springframework.kafka.KafkaListenerEndpointContainer#0-0-C-1] INFO  org.apache.kafka.clients.Metadata - [Consumer clientId=consumer-weekly-sentiment-group-1, groupId=weekly-sentiment-group] Resetting the last seen epoch of partition weekly-sentiments-2 to 0 since the associated topicId changed from null to S99acygMTg-bTgk8EzhTSQ
01:02:16:586 [org.springframework.kafka.KafkaListenerEndpointContainer#0-0-C-1] INFO  org.apache.kafka.clients.Metadata - [Consumer clientId=consumer-weekly-sentiment-group-1, groupId=weekly-sentiment-group] Resetting the last seen epoch of partition weekly-sentiments-3 to 0 since the associated topicId changed from null to S99acygMTg-bTgk8EzhTSQ
01:02:16:586 [org.springframework.kafka.KafkaListenerEndpointContainer#0-0-C-1] INFO  org.apache.kafka.clients.Metadata - [Consumer clientId=consumer-weekly-sentiment-group-1, groupId=weekly-sentiment-group] Resetting the last seen epoch of partition weekly-sentiments-4 to 0 since the associated topicId changed from null to S99acygMTg-bTgk8EzhTSQ
01:02:16:586 [org.springframework.kafka.KafkaListenerEndpointContainer#0-0-C-1] INFO  org.apache.kafka.clients.Metadata - [Consumer clientId=consumer-weekly-sentiment-group-1, groupId=weekly-sentiment-group] Resetting the last seen epoch of partition weekly-sentiments-5 to 0 since the associated topicId changed from null to S99acygMTg-bTgk8EzhTSQ
01:02:16:589 [org.springframework.kafka.KafkaListenerEndpointContainer#0-0-C-1] INFO  org.apache.kafka.clients.Metadata - [Consumer clientId=consumer-weekly-sentiment-group-1, groupId=weekly-sentiment-group] Cluster ID: lkc-m10nnx
01:02:16:590 [org.springframework.kafka.KafkaListenerEndpointContainer#0-0-C-1] INFO  o.a.k.c.c.i.ConsumerCoordinator - [Consumer clientId=consumer-weekly-sentiment-group-1, groupId=weekly-sentiment-group] Discovered group coordinator b7-pkc-921jm.us-east-2.aws.confluent.cloud:9092 (id: 2147483640 rack: null)
01:02:16:624 [org.springframework.kafka.KafkaListenerEndpointContainer#0-0-C-1] INFO  o.a.k.c.c.i.ConsumerCoordinator - [Consumer clientId=consumer-weekly-sentiment-group-1, groupId=weekly-sentiment-group] (Re-)joining group
01:02:17:049 [org.springframework.kafka.KafkaListenerEndpointContainer#0-0-C-1] INFO  o.a.k.c.c.i.ConsumerCoordinator - [Consumer clientId=consumer-weekly-sentiment-group-1, groupId=weekly-sentiment-group] Request joining group due to: need to re-join with the given member-id
01:02:17:051 [org.springframework.kafka.KafkaListenerEndpointContainer#0-0-C-1] INFO  o.a.k.c.c.i.ConsumerCoordinator - [Consumer clientId=consumer-weekly-sentiment-group-1, groupId=weekly-sentiment-group] (Re-)joining group
01:02:17:091 [org.springframework.kafka.KafkaListenerEndpointContainer#0-0-C-1] INFO  o.a.k.c.c.i.ConsumerCoordinator - [Consumer clientId=consumer-weekly-sentiment-group-1, groupId=weekly-sentiment-group] Successfully joined group with generation Generation{generationId=9, memberId='consumer-weekly-sentiment-group-1-8b05da28-fd66-4cf4-a9d6-92b9bf0492e3', protocol='range'}
01:02:17:093 [org.springframework.kafka.KafkaListenerEndpointContainer#0-0-C-1] INFO  o.a.k.c.c.i.ConsumerCoordinator - [Consumer clientId=consumer-weekly-sentiment-group-1, groupId=weekly-sentiment-group] Finished assignment for group at generation 9: {consumer-weekly-sentiment-group-1-8b05da28-fd66-4cf4-a9d6-92b9bf0492e3=Assignment(partitions=[weekly-sentiments-0, weekly-sentiments-1, weekly-sentiments-2, weekly-sentiments-3, weekly-sentiments-4, weekly-sentiments-5])}
01:02:17:135 [org.springframework.kafka.KafkaListenerEndpointContainer#0-0-C-1] INFO  o.a.k.c.c.i.ConsumerCoordinator - [Consumer clientId=consumer-weekly-sentiment-group-1, groupId=weekly-sentiment-group] Successfully synced group in generation Generation{generationId=9, memberId='consumer-weekly-sentiment-group-1-8b05da28-fd66-4cf4-a9d6-92b9bf0492e3', protocol='range'}
01:02:17:136 [org.springframework.kafka.KafkaListenerEndpointContainer#0-0-C-1] INFO  o.a.k.c.c.i.ConsumerCoordinator - [Consumer clientId=consumer-weekly-sentiment-group-1, groupId=weekly-sentiment-group] Notifying assignor about the new Assignment(partitions=[weekly-sentiments-0, weekly-sentiments-1, weekly-sentiments-2, weekly-sentiments-3, weekly-sentiments-4, weekly-sentiments-5])
01:02:17:139 [org.springframework.kafka.KafkaListenerEndpointContainer#0-0-C-1] INFO  o.a.k.c.c.i.ConsumerCoordinator - [Consumer clientId=consumer-weekly-sentiment-group-1, groupId=weekly-sentiment-group] Adding newly assigned partitions: weekly-sentiments-1, weekly-sentiments-0, weekly-sentiments-3, weekly-sentiments-2, weekly-sentiments-5, weekly-sentiments-4
01:02:17:229 [org.springframework.kafka.KafkaListenerEndpointContainer#0-0-C-1] INFO  o.a.k.c.c.i.ConsumerCoordinator - [Consumer clientId=consumer-weekly-sentiment-group-1, groupId=weekly-sentiment-group] Setting offset for partition weekly-sentiments-3 to the committed offset FetchPosition{offset=0, offsetEpoch=Optional.empty, currentLeader=LeaderAndEpoch{leader=Optional[b15-pkc-921jm.us-east-2.aws.confluent.cloud:9092 (id: 15 rack: use2-az1)], epoch=0}}
01:02:17:229 [org.springframework.kafka.KafkaListenerEndpointContainer#0-0-C-1] INFO  o.a.k.c.c.i.ConsumerCoordinator - [Consumer clientId=consumer-weekly-sentiment-group-1, groupId=weekly-sentiment-group] Setting offset for partition weekly-sentiments-2 to the committed offset FetchPosition{offset=0, offsetEpoch=Optional.empty, currentLeader=LeaderAndEpoch{leader=Optional[b14-pkc-921jm.us-east-2.aws.confluent.cloud:9092 (id: 14 rack: use2-az3)], epoch=0}}
01:02:17:229 [org.springframework.kafka.KafkaListenerEndpointContainer#0-0-C-1] INFO  o.a.k.c.c.i.ConsumerCoordinator - [Consumer clientId=consumer-weekly-sentiment-group-1, groupId=weekly-sentiment-group] Setting offset for partition weekly-sentiments-5 to the committed offset FetchPosition{offset=0, offsetEpoch=Optional.empty, currentLeader=LeaderAndEpoch{leader=Optional[b17-pkc-921jm.us-east-2.aws.confluent.cloud:9092 (id: 17 rack: use2-az3)], epoch=0}}
01:02:17:229 [org.springframework.kafka.KafkaListenerEndpointContainer#0-0-C-1] INFO  o.a.k.c.c.i.ConsumerCoordinator - [Consumer clientId=consumer-weekly-sentiment-group-1, groupId=weekly-sentiment-group] Setting offset for partition weekly-sentiments-4 to the committed offset FetchPosition{offset=0, offsetEpoch=Optional.empty, currentLeader=LeaderAndEpoch{leader=Optional[b16-pkc-921jm.us-east-2.aws.confluent.cloud:9092 (id: 16 rack: use2-az2)], epoch=0}}
01:02:17:229 [org.springframework.kafka.KafkaListenerEndpointContainer#0-0-C-1] INFO  o.a.k.c.c.i.ConsumerCoordinator - [Consumer clientId=consumer-weekly-sentiment-group-1, groupId=weekly-sentiment-group] Setting offset for partition weekly-sentiments-1 to the committed offset FetchPosition{offset=0, offsetEpoch=Optional.empty, currentLeader=LeaderAndEpoch{leader=Optional[b13-pkc-921jm.us-east-2.aws.confluent.cloud:9092 (id: 13 rack: use2-az2)], epoch=0}}
01:02:17:229 [org.springframework.kafka.KafkaListenerEndpointContainer#0-0-C-1] INFO  o.a.k.c.c.i.ConsumerCoordinator - [Consumer clientId=consumer-weekly-sentiment-group-1, groupId=weekly-sentiment-group] Setting offset for partition weekly-sentiments-0 to the committed offset FetchPosition{offset=0, offsetEpoch=Optional.empty, currentLeader=LeaderAndEpoch{leader=Optional[b12-pkc-921jm.us-east-2.aws.confluent.cloud:9092 (id: 12 rack: use2-az1)], epoch=0}}
01:02:17:347 [org.springframework.kafka.KafkaListenerEndpointContainer#0-0-C-1] INFO  o.s.k.l.KafkaMessageListenerContainer - weekly-sentiment-group: partitions assigned: [weekly-sentiments-1, weekly-sentiments-0, weekly-sentiments-3, weekly-sentiments-2, weekly-sentiments-5, weekly-sentiments-4]
01:02:20:504 [http-nio-8080-exec-1] INFO  o.a.c.c.C.[Tomcat].[localhost].[/] - Initializing Spring DispatcherServlet 'dispatcherServlet'
01:02:20:505 [http-nio-8080-exec-1] INFO  o.s.web.servlet.DispatcherServlet - Initializing Servlet 'dispatcherServlet'
01:02:20:507 [http-nio-8080-exec-1] INFO  o.s.web.servlet.DispatcherServlet - Completed initialization in 2 ms
