23:38:45:740 [main] INFO  c.C.journalApp.JournalApplication - Starting JournalApplication using Java 17.0.12 on Chirayupatel with PID 15736 (C:\Users\chira\Desktop\JAVA\Journal Spring-boot App\journalApp\journalApp\target\classes started by chira in C:\Users\chira\Desktop\JAVA\Journal Spring-boot App)
23:38:45:758 [main] DEBUG c.C.journalApp.JournalApplication - Running with Spring Boot v2.7.16, Spring v5.3.30
23:38:45:759 [main] INFO  c.C.journalApp.JournalApplication - The following 1 profile is active: "dev"
23:38:46:938 [main] INFO  o.s.d.r.c.RepositoryConfigurationDelegate - Multiple Spring Data modules found, entering strict repository configuration mode
23:38:46:941 [main] INFO  o.s.d.r.c.RepositoryConfigurationDelegate - Bootstrapping Spring Data MongoDB repositories in DEFAULT mode.
23:38:47:082 [main] INFO  o.s.d.r.c.RepositoryConfigurationDelegate - Finished Spring Data repository scanning in 132 ms. Found 2 MongoDB repository interfaces.
23:38:47:104 [main] INFO  o.s.d.r.c.RepositoryConfigurationDelegate - Multiple Spring Data modules found, entering strict repository configuration mode
23:38:47:105 [main] INFO  o.s.d.r.c.RepositoryConfigurationDelegate - Bootstrapping Spring Data Redis repositories in DEFAULT mode.
23:38:47:124 [main] INFO  o.s.d.r.c.RepositoryConfigurationExtensionSupport - Spring Data Redis - Could not safely identify store assignment for repository candidate interface com.ChirayuTech.journalApp.repository.JournalEntryRepo; If you want this repository to be a Redis repository, consider annotating your entities with one of these annotations: org.springframework.data.redis.core.RedisHash (preferred), or consider extending one of the following types with your repository: org.springframework.data.keyvalue.repository.KeyValueRepository
23:38:47:125 [main] INFO  o.s.d.r.c.RepositoryConfigurationExtensionSupport - Spring Data Redis - Could not safely identify store assignment for repository candidate interface com.ChirayuTech.journalApp.repository.UserRepository; If you want this repository to be a Redis repository, consider annotating your entities with one of these annotations: org.springframework.data.redis.core.RedisHash (preferred), or consider extending one of the following types with your repository: org.springframework.data.keyvalue.repository.KeyValueRepository
23:38:47:125 [main] INFO  o.s.d.r.c.RepositoryConfigurationDelegate - Finished Spring Data repository scanning in 13 ms. Found 0 Redis repository interfaces.
23:38:48:079 [main] INFO  o.s.b.w.e.tomcat.TomcatWebServer - Tomcat initialized with port(s): 8080 (http)
23:38:48:098 [main] INFO  o.a.coyote.http11.Http11NioProtocol - Initializing ProtocolHandler ["http-nio-8080"]
23:38:48:102 [main] INFO  o.a.catalina.core.StandardService - Starting service [Tomcat]
23:38:48:102 [main] INFO  o.a.catalina.core.StandardEngine - Starting Servlet engine: [Apache Tomcat/9.0.80]
23:38:48:240 [main] INFO  o.a.c.c.C.[Tomcat].[localhost].[/] - Initializing Spring embedded WebApplicationContext
23:38:48:240 [main] INFO  o.s.b.w.s.c.ServletWebServerApplicationContext - Root WebApplicationContext: initialization completed in 2280 ms
23:38:48:744 [main] INFO  org.mongodb.driver.client - MongoClient with metadata {"driver": {"name": "mongo-java-driver|sync|spring-boot", "version": "4.6.1"}, "os": {"type": "Windows", "name": "Windows 11", "architecture": "amd64", "version": "10.0"}, "platform": "Java/Oracle Corporation/17.0.12+8-LTS-286", "application": {"name": "journalSpringBoot"}} created with settings MongoClientSettings{readPreference=primary, writeConcern=WriteConcern{w=majority, wTimeout=null ms, journal=null}, retryWrites=true, retryReads=true, readConcern=ReadConcern{level=null}, credential=MongoCredential{mechanism=null, userName='sonu010675_db_user', source='admin', password=<hidden>, mechanismProperties=<hidden>}, streamFactoryFactory=null, commandListeners=[], codecRegistry=ProvidersCodecRegistry{codecProviders=[ValueCodecProvider{}, BsonValueCodecProvider{}, DBRefCodecProvider{}, DBObjectCodecProvider{}, DocumentCodecProvider{}, IterableCodecProvider{}, MapCodecProvider{}, GeoJsonCodecProvider{}, GridFSFileCodecProvider{}, Jsr310CodecProvider{}, JsonObjectCodecProvider{}, BsonCodecProvider{}, EnumCodecProvider{}, com.mongodb.Jep395RecordCodecProvider@6c33da7a]}, clusterSettings={hosts=[127.0.0.1:27017], srvHost=journalspringboot.kryxngq.mongodb.net, srvServiceName=mongodb, mode=MULTIPLE, requiredClusterType=REPLICA_SET, requiredReplicaSetName='atlas-nkprbi-shard-0', serverSelector='null', clusterListeners='[]', serverSelectionTimeout='30000 ms', localThreshold='30000 ms'}, socketSettings=SocketSettings{connectTimeoutMS=10000, readTimeoutMS=0, receiveBufferSize=0, sendBufferSize=0}, heartbeatSocketSettings=SocketSettings{connectTimeoutMS=10000, readTimeoutMS=10000, receiveBufferSize=0, sendBufferSize=0}, connectionPoolSettings=ConnectionPoolSettings{maxSize=100, minSize=0, maxWaitTimeMS=120000, maxConnectionLifeTimeMS=0, maxConnectionIdleTimeMS=0, maintenanceInitialDelayMS=0, maintenanceFrequencyMS=60000, connectionPoolListeners=[], maxConnecting=2}, serverSettings=ServerSettings{heartbeatFrequencyMS=10000, minHeartbeatFrequencyMS=500, serverListeners='[]', serverMonitorListeners='[]'}, sslSettings=SslSettings{enabled=true, invalidHostNameAllowed=false, context=null}, applicationName='journalSpringBoot', compressorList=[], uuidRepresentation=JAVA_LEGACY, serverApi=null, autoEncryptionSettings=null, contextProvider=null}
23:38:48:759 [cluster-ClusterId{value='698d595899d8ee388fb7dd40', description='null'}-srv-journalspringboot.kryxngq.mongodb.net] INFO  org.mongodb.driver.cluster - Adding discovered server ac-ybxe804-shard-00-00.kryxngq.mongodb.net:27017 to client view of cluster
23:38:48:796 [cluster-ClusterId{value='698d595899d8ee388fb7dd40', description='null'}-srv-journalspringboot.kryxngq.mongodb.net] INFO  org.mongodb.driver.cluster - Adding discovered server ac-ybxe804-shard-00-01.kryxngq.mongodb.net:27017 to client view of cluster
23:38:48:800 [cluster-ClusterId{value='698d595899d8ee388fb7dd40', description='null'}-srv-journalspringboot.kryxngq.mongodb.net] INFO  org.mongodb.driver.cluster - Adding discovered server ac-ybxe804-shard-00-02.kryxngq.mongodb.net:27017 to client view of cluster
23:38:49:366 [main] INFO  org.mongodb.driver.cluster - No server chosen by com.mongodb.client.internal.MongoClientDelegate$1@251a90ce from cluster description ClusterDescription{type=REPLICA_SET, connectionMode=MULTIPLE, serverDescriptions=[ServerDescription{address=ac-ybxe804-shard-00-00.kryxngq.mongodb.net:27017, type=UNKNOWN, state=CONNECTING}, ServerDescription{address=ac-ybxe804-shard-00-02.kryxngq.mongodb.net:27017, type=UNKNOWN, state=CONNECTING}, ServerDescription{address=ac-ybxe804-shard-00-01.kryxngq.mongodb.net:27017, type=UNKNOWN, state=CONNECTING}]}. Waiting for 30000 ms before timing out
23:38:50:100 [cluster-rtt-ClusterId{value='698d595899d8ee388fb7dd40', description='null'}-ac-ybxe804-shard-00-01.kryxngq.mongodb.net:27017] INFO  org.mongodb.driver.connection - Opened connection [connectionId{localValue:3, serverValue:682063}] to ac-ybxe804-shard-00-01.kryxngq.mongodb.net:27017
23:38:50:100 [cluster-rtt-ClusterId{value='698d595899d8ee388fb7dd40', description='null'}-ac-ybxe804-shard-00-02.kryxngq.mongodb.net:27017] INFO  org.mongodb.driver.connection - Opened connection [connectionId{localValue:5, serverValue:751653}] to ac-ybxe804-shard-00-02.kryxngq.mongodb.net:27017
23:38:50:100 [cluster-ClusterId{value='698d595899d8ee388fb7dd40', description='null'}-ac-ybxe804-shard-00-02.kryxngq.mongodb.net:27017] INFO  org.mongodb.driver.connection - Opened connection [connectionId{localValue:4, serverValue:751703}] to ac-ybxe804-shard-00-02.kryxngq.mongodb.net:27017
23:38:50:100 [cluster-rtt-ClusterId{value='698d595899d8ee388fb7dd40', description='null'}-ac-ybxe804-shard-00-00.kryxngq.mongodb.net:27017] INFO  org.mongodb.driver.connection - Opened connection [connectionId{localValue:6, serverValue:679336}] to ac-ybxe804-shard-00-00.kryxngq.mongodb.net:27017
23:38:50:100 [cluster-ClusterId{value='698d595899d8ee388fb7dd40', description='null'}-ac-ybxe804-shard-00-00.kryxngq.mongodb.net:27017] INFO  org.mongodb.driver.connection - Opened connection [connectionId{localValue:1, serverValue:679336}] to ac-ybxe804-shard-00-00.kryxngq.mongodb.net:27017
23:38:50:100 [cluster-ClusterId{value='698d595899d8ee388fb7dd40', description='null'}-ac-ybxe804-shard-00-01.kryxngq.mongodb.net:27017] INFO  org.mongodb.driver.connection - Opened connection [connectionId{localValue:2, serverValue:682063}] to ac-ybxe804-shard-00-01.kryxngq.mongodb.net:27017
23:38:50:101 [cluster-ClusterId{value='698d595899d8ee388fb7dd40', description='null'}-ac-ybxe804-shard-00-02.kryxngq.mongodb.net:27017] INFO  org.mongodb.driver.cluster - Monitor thread successfully connected to server with description ServerDescription{address=ac-ybxe804-shard-00-02.kryxngq.mongodb.net:27017, type=REPLICA_SET_PRIMARY, state=CONNECTED, ok=true, minWireVersion=0, maxWireVersion=25, maxDocumentSize=16777216, logicalSessionTimeoutMinutes=30, roundTripTimeNanos=747851800, setName='atlas-nkprbi-shard-0', canonicalAddress=ac-ybxe804-shard-00-02.kryxngq.mongodb.net:27017, hosts=[ac-ybxe804-shard-00-00.kryxngq.mongodb.net:27017, ac-ybxe804-shard-00-02.kryxngq.mongodb.net:27017, ac-ybxe804-shard-00-01.kryxngq.mongodb.net:27017], passives=[], arbiters=[], primary='ac-ybxe804-shard-00-02.kryxngq.mongodb.net:27017', tagSet=TagSet{[Tag{name='availabilityZone', value='aps1-az2'}, Tag{name='diskState', value='READY'}, Tag{name='nodeType', value='ELECTABLE'}, Tag{name='provider', value='AWS'}, Tag{name='region', value='AP_SOUTH_1'}, Tag{name='workloadType', value='OPERATIONAL'}]}, electionId=7fffffff0000000000000251, setVersion=280, topologyVersion=TopologyVersion{processId=69850576e90bb99ab432544c, counter=6}, lastWriteDate=Wed Feb 11 23:38:50 EST 2026, lastUpdateTimeNanos=10479885425500}
23:38:50:101 [cluster-ClusterId{value='698d595899d8ee388fb7dd40', description='null'}-ac-ybxe804-shard-00-01.kryxngq.mongodb.net:27017] INFO  org.mongodb.driver.cluster - Monitor thread successfully connected to server with description ServerDescription{address=ac-ybxe804-shard-00-01.kryxngq.mongodb.net:27017, type=REPLICA_SET_SECONDARY, state=CONNECTED, ok=true, minWireVersion=0, maxWireVersion=25, maxDocumentSize=16777216, logicalSessionTimeoutMinutes=30, roundTripTimeNanos=749258700, setName='atlas-nkprbi-shard-0', canonicalAddress=ac-ybxe804-shard-00-01.kryxngq.mongodb.net:27017, hosts=[ac-ybxe804-shard-00-00.kryxngq.mongodb.net:27017, ac-ybxe804-shard-00-02.kryxngq.mongodb.net:27017, ac-ybxe804-shard-00-01.kryxngq.mongodb.net:27017], passives=[], arbiters=[], primary='ac-ybxe804-shard-00-02.kryxngq.mongodb.net:27017', tagSet=TagSet{[Tag{name='availabilityZone', value='aps1-az3'}, Tag{name='diskState', value='READY'}, Tag{name='nodeType', value='ELECTABLE'}, Tag{name='provider', value='AWS'}, Tag{name='region', value='AP_SOUTH_1'}, Tag{name='workloadType', value='OPERATIONAL'}]}, electionId=null, setVersion=280, topologyVersion=TopologyVersion{processId=698505c4e40b4e214e380ed8, counter=3}, lastWriteDate=Wed Feb 11 23:38:50 EST 2026, lastUpdateTimeNanos=10479885425300}
23:38:50:101 [cluster-ClusterId{value='698d595899d8ee388fb7dd40', description='null'}-ac-ybxe804-shard-00-00.kryxngq.mongodb.net:27017] INFO  org.mongodb.driver.cluster - Monitor thread successfully connected to server with description ServerDescription{address=ac-ybxe804-shard-00-00.kryxngq.mongodb.net:27017, type=REPLICA_SET_SECONDARY, state=CONNECTED, ok=true, minWireVersion=0, maxWireVersion=25, maxDocumentSize=16777216, logicalSessionTimeoutMinutes=30, roundTripTimeNanos=751566100, setName='atlas-nkprbi-shard-0', canonicalAddress=ac-ybxe804-shard-00-00.kryxngq.mongodb.net:27017, hosts=[ac-ybxe804-shard-00-00.kryxngq.mongodb.net:27017, ac-ybxe804-shard-00-02.kryxngq.mongodb.net:27017, ac-ybxe804-shard-00-01.kryxngq.mongodb.net:27017], passives=[], arbiters=[], primary='ac-ybxe804-shard-00-02.kryxngq.mongodb.net:27017', tagSet=TagSet{[Tag{name='availabilityZone', value='aps1-az1'}, Tag{name='diskState', value='READY'}, Tag{name='nodeType', value='ELECTABLE'}, Tag{name='provider', value='AWS'}, Tag{name='region', value='AP_SOUTH_1'}, Tag{name='workloadType', value='OPERATIONAL'}]}, electionId=null, setVersion=280, topologyVersion=TopologyVersion{processId=69850522fbb9c03b493cf014, counter=4}, lastWriteDate=Wed Feb 11 23:38:50 EST 2026, lastUpdateTimeNanos=10479885425500}
23:38:50:107 [cluster-ClusterId{value='698d595899d8ee388fb7dd40', description='null'}-ac-ybxe804-shard-00-02.kryxngq.mongodb.net:27017] INFO  org.mongodb.driver.cluster - Setting max election id to 7fffffff0000000000000251 from replica set primary ac-ybxe804-shard-00-02.kryxngq.mongodb.net:27017
23:38:50:107 [cluster-ClusterId{value='698d595899d8ee388fb7dd40', description='null'}-ac-ybxe804-shard-00-02.kryxngq.mongodb.net:27017] INFO  org.mongodb.driver.cluster - Setting max set version to 280 from replica set primary ac-ybxe804-shard-00-02.kryxngq.mongodb.net:27017
23:38:50:108 [cluster-ClusterId{value='698d595899d8ee388fb7dd40', description='null'}-ac-ybxe804-shard-00-02.kryxngq.mongodb.net:27017] INFO  org.mongodb.driver.cluster - Discovered replica set primary ac-ybxe804-shard-00-02.kryxngq.mongodb.net:27017
23:38:51:313 [main] INFO  org.mongodb.driver.connection - Opened connection [connectionId{localValue:7, serverValue:751669}] to ac-ybxe804-shard-00-02.kryxngq.mongodb.net:27017
23:38:52:591 [main] INFO  o.s.s.web.DefaultSecurityFilterChain - Will secure any request with [org.springframework.security.web.session.DisableEncodeUrlFilter@305881b8, org.springframework.security.web.context.request.async.WebAsyncManagerIntegrationFilter@7e89eba7, org.springframework.security.web.context.SecurityContextPersistenceFilter@751686aa, org.springframework.security.web.header.HeaderWriterFilter@dde6f87, org.springframework.security.web.authentication.logout.LogoutFilter@2cadcff6, org.springframework.security.web.authentication.www.BasicAuthenticationFilter@681311a7, org.springframework.security.web.savedrequest.RequestCacheAwareFilter@2dc3ece8, org.springframework.security.web.servletapi.SecurityContextHolderAwareRequestFilter@fbbd90c, org.springframework.security.web.authentication.AnonymousAuthenticationFilter@6bc25ac2, org.springframework.security.web.session.SessionManagementFilter@7e3d168e, org.springframework.security.web.access.ExceptionTranslationFilter@adc8683, org.springframework.security.web.access.intercept.FilterSecurityInterceptor@3fe98084]
23:38:53:708 [main] INFO  o.a.k.c.consumer.ConsumerConfig - ConsumerConfig values: 
	allow.auto.create.topics = true
	auto.commit.interval.ms = 5000
	auto.offset.reset = latest
	bootstrap.servers = [localhost:9092]
	check.crcs = true
	client.dns.lookup = use_all_dns_ips
	client.id = consumer-weekly-sentiment-group-1
	client.rack = 
	connections.max.idle.ms = 540000
	default.api.timeout.ms = 60000
	enable.auto.commit = false
	exclude.internal.topics = true
	fetch.max.bytes = 52428800
	fetch.max.wait.ms = 500
	fetch.min.bytes = 1
	group.id = weekly-sentiment-group
	group.instance.id = null
	heartbeat.interval.ms = 3000
	interceptor.classes = []
	internal.leave.group.on.close = true
	internal.throw.on.fetch.stable.offset.unsupported = false
	isolation.level = read_uncommitted
	key.deserializer = class org.apache.kafka.common.serialization.StringDeserializer
	max.partition.fetch.bytes = 1048576
	max.poll.interval.ms = 300000
	max.poll.records = 500
	metadata.max.age.ms = 300000
	metric.reporters = []
	metrics.num.samples = 2
	metrics.recording.level = INFO
	metrics.sample.window.ms = 30000
	partition.assignment.strategy = [class org.apache.kafka.clients.consumer.RangeAssignor, class org.apache.kafka.clients.consumer.CooperativeStickyAssignor]
	receive.buffer.bytes = 65536
	reconnect.backoff.max.ms = 1000
	reconnect.backoff.ms = 50
	request.timeout.ms = 30000
	retry.backoff.ms = 100
	sasl.client.callback.handler.class = null
	sasl.jaas.config = null
	sasl.kerberos.kinit.cmd = /usr/bin/kinit
	sasl.kerberos.min.time.before.relogin = 60000
	sasl.kerberos.service.name = null
	sasl.kerberos.ticket.renew.jitter = 0.05
	sasl.kerberos.ticket.renew.window.factor = 0.8
	sasl.login.callback.handler.class = null
	sasl.login.class = null
	sasl.login.connect.timeout.ms = null
	sasl.login.read.timeout.ms = null
	sasl.login.refresh.buffer.seconds = 300
	sasl.login.refresh.min.period.seconds = 60
	sasl.login.refresh.window.factor = 0.8
	sasl.login.refresh.window.jitter = 0.05
	sasl.login.retry.backoff.max.ms = 10000
	sasl.login.retry.backoff.ms = 100
	sasl.mechanism = GSSAPI
	sasl.oauthbearer.clock.skew.seconds = 30
	sasl.oauthbearer.expected.audience = null
	sasl.oauthbearer.expected.issuer = null
	sasl.oauthbearer.jwks.endpoint.refresh.ms = 3600000
	sasl.oauthbearer.jwks.endpoint.retry.backoff.max.ms = 10000
	sasl.oauthbearer.jwks.endpoint.retry.backoff.ms = 100
	sasl.oauthbearer.jwks.endpoint.url = null
	sasl.oauthbearer.scope.claim.name = scope
	sasl.oauthbearer.sub.claim.name = sub
	sasl.oauthbearer.token.endpoint.url = null
	security.protocol = PLAINTEXT
	security.providers = null
	send.buffer.bytes = 131072
	session.timeout.ms = 45000
	socket.connection.setup.timeout.max.ms = 30000
	socket.connection.setup.timeout.ms = 10000
	ssl.cipher.suites = null
	ssl.enabled.protocols = [TLSv1.2, TLSv1.3]
	ssl.endpoint.identification.algorithm = https
	ssl.engine.factory.class = null
	ssl.key.password = null
	ssl.keymanager.algorithm = SunX509
	ssl.keystore.certificate.chain = null
	ssl.keystore.key = null
	ssl.keystore.location = null
	ssl.keystore.password = null
	ssl.keystore.type = JKS
	ssl.protocol = TLSv1.3
	ssl.provider = null
	ssl.secure.random.implementation = null
	ssl.trustmanager.algorithm = PKIX
	ssl.truststore.certificates = null
	ssl.truststore.location = null
	ssl.truststore.password = null
	ssl.truststore.type = JKS
	value.deserializer = class org.apache.kafka.common.serialization.StringDeserializer

23:38:54:082 [main] INFO  o.a.kafka.common.utils.AppInfoParser - Kafka version: 3.1.2
23:38:54:084 [main] INFO  o.a.kafka.common.utils.AppInfoParser - Kafka commitId: f8c67dc3ae0a3265
23:38:54:084 [main] INFO  o.a.kafka.common.utils.AppInfoParser - Kafka startTimeMs: 1770871134077
23:38:54:090 [main] INFO  o.a.k.clients.consumer.KafkaConsumer - [Consumer clientId=consumer-weekly-sentiment-group-1, groupId=weekly-sentiment-group] Subscribed to topic(s): weekly-sentiments
23:38:54:105 [main] INFO  o.a.coyote.http11.Http11NioProtocol - Starting ProtocolHandler ["http-nio-8080"]
23:38:54:111 [main] WARN  o.s.b.w.s.c.AnnotationConfigServletWebServerApplicationContext - Exception encountered during context initialization - cancelling refresh attempt: org.springframework.context.ApplicationContextException: Failed to start bean 'webServerStartStop'; nested exception is org.springframework.boot.web.server.PortInUseException: Port 8080 is already in use
23:38:54:324 [org.springframework.kafka.KafkaListenerEndpointContainer#0-0-C-1] INFO  o.apache.kafka.clients.NetworkClient - [Consumer clientId=consumer-weekly-sentiment-group-1, groupId=weekly-sentiment-group] Node -1 disconnected.
23:38:54:325 [org.springframework.kafka.KafkaListenerEndpointContainer#0-0-C-1] WARN  o.apache.kafka.clients.NetworkClient - [Consumer clientId=consumer-weekly-sentiment-group-1, groupId=weekly-sentiment-group] Connection to node -1 (localhost/127.0.0.1:9092) could not be established. Broker may not be available.
23:38:54:325 [org.springframework.kafka.KafkaListenerEndpointContainer#0-0-C-1] WARN  o.apache.kafka.clients.NetworkClient - [Consumer clientId=consumer-weekly-sentiment-group-1, groupId=weekly-sentiment-group] Bootstrap broker localhost:9092 (id: -1 rack: null) disconnected
23:38:54:333 [org.springframework.kafka.KafkaListenerEndpointContainer#0-0-C-1] INFO  o.a.k.c.c.i.ConsumerCoordinator - [Consumer clientId=consumer-weekly-sentiment-group-1, groupId=weekly-sentiment-group] Resetting generation due to: consumer pro-actively leaving the group
23:38:54:333 [org.springframework.kafka.KafkaListenerEndpointContainer#0-0-C-1] INFO  o.a.k.c.c.i.ConsumerCoordinator - [Consumer clientId=consumer-weekly-sentiment-group-1, groupId=weekly-sentiment-group] Request joining group due to: consumer pro-actively leaving the group
23:38:54:333 [org.springframework.kafka.KafkaListenerEndpointContainer#0-0-C-1] INFO  o.a.k.clients.consumer.KafkaConsumer - [Consumer clientId=consumer-weekly-sentiment-group-1, groupId=weekly-sentiment-group] Unsubscribed all topics or patterns and assigned partitions
23:38:54:334 [org.springframework.kafka.KafkaListenerEndpointContainer#0-0-C-1] INFO  o.a.k.c.c.i.ConsumerCoordinator - [Consumer clientId=consumer-weekly-sentiment-group-1, groupId=weekly-sentiment-group] Resetting generation due to: consumer pro-actively leaving the group
23:38:54:334 [org.springframework.kafka.KafkaListenerEndpointContainer#0-0-C-1] INFO  o.a.k.c.c.i.ConsumerCoordinator - [Consumer clientId=consumer-weekly-sentiment-group-1, groupId=weekly-sentiment-group] Request joining group due to: consumer pro-actively leaving the group
23:38:54:335 [org.springframework.kafka.KafkaListenerEndpointContainer#0-0-C-1] INFO  o.a.kafka.common.metrics.Metrics - Metrics scheduler closed
23:38:54:335 [org.springframework.kafka.KafkaListenerEndpointContainer#0-0-C-1] INFO  o.a.kafka.common.metrics.Metrics - Closing reporter org.apache.kafka.common.metrics.JmxReporter
23:38:54:335 [org.springframework.kafka.KafkaListenerEndpointContainer#0-0-C-1] INFO  o.a.kafka.common.metrics.Metrics - Metrics reporters closed
23:38:54:338 [org.springframework.kafka.KafkaListenerEndpointContainer#0-0-C-1] INFO  o.a.kafka.common.utils.AppInfoParser - App info kafka.consumer for consumer-weekly-sentiment-group-1 unregistered
23:38:54:339 [org.springframework.kafka.KafkaListenerEndpointContainer#0-0-C-1] INFO  o.s.k.l.KafkaMessageListenerContainer - weekly-sentiment-group: Consumer stopped
23:38:55:251 [main] INFO  o.a.coyote.http11.Http11NioProtocol - Pausing ProtocolHandler ["http-nio-8080"]
23:38:55:252 [main] INFO  o.a.catalina.core.StandardService - Stopping service [Tomcat]
23:38:55:259 [main] INFO  o.a.coyote.http11.Http11NioProtocol - Stopping ProtocolHandler ["http-nio-8080"]
23:38:55:260 [main] INFO  o.a.coyote.http11.Http11NioProtocol - Destroying ProtocolHandler ["http-nio-8080"]
23:38:55:268 [main] INFO  o.s.b.a.l.ConditionEvaluationReportLoggingListener - 

Error starting ApplicationContext. To display the conditions report re-run your application with 'debug' enabled.
23:38:55:285 [main] ERROR o.s.b.d.LoggingFailureAnalysisReporter - 

***************************
APPLICATION FAILED TO START
***************************

Description:

Web server failed to start. Port 8080 was already in use.

Action:

Identify and stop the process that's listening on port 8080 or configure this application to listen on another port.

